2025-05-04 15:38:51 [restartedMain] INFO  c.d.t.TaskServiceApplication - Starting TaskServiceApplication using Java 21.0.1 with PID 29168 (C:\Users\Deepak.Kumar\my_repo\github\deeptechhub\task-service\target\classes started by Deepak.Kumar in C:\Users\Deepak.Kumar\my_repo\github\deeptechhub\task-service)
2025-05-04 15:38:51 [restartedMain] DEBUG c.d.t.TaskServiceApplication - Running with Spring Boot v3.4.5, Spring v6.2.6
2025-05-04 15:38:51 [restartedMain] INFO  c.d.t.TaskServiceApplication - The following 1 profile is active: "local"
2025-05-04 15:38:51 [restartedMain] INFO  o.s.b.d.e.DevToolsPropertyDefaultsPostProcessor - Devtools property defaults active! Set 'spring.devtools.add-properties' to 'false' to disable
2025-05-04 15:38:51 [restartedMain] INFO  o.s.b.d.e.DevToolsPropertyDefaultsPostProcessor - For additional web related logging consider setting the 'logging.level.web' property to 'DEBUG'
2025-05-04 15:38:54 [restartedMain] INFO  o.s.d.r.c.RepositoryConfigurationDelegate - Bootstrapping Spring Data JPA repositories in DEFAULT mode.
2025-05-04 15:38:55 [restartedMain] INFO  o.s.d.r.c.RepositoryConfigurationDelegate - Finished Spring Data repository scanning in 157 ms. Found 1 JPA repository interface.
2025-05-04 15:38:55 [restartedMain] INFO  o.s.cloud.context.scope.GenericScope - BeanFactory id=2bb26454-2471-33ac-ba27-1651551104c3
2025-05-04 15:38:57 [restartedMain] INFO  o.s.b.w.e.tomcat.TomcatWebServer - Tomcat initialized with port 8082 (http)
2025-05-04 15:38:57 [restartedMain] INFO  o.a.catalina.core.StandardService - Starting service [Tomcat]
2025-05-04 15:38:57 [restartedMain] INFO  o.a.catalina.core.StandardEngine - Starting Servlet engine: [Apache Tomcat/10.1.40]
2025-05-04 15:38:57 [restartedMain] INFO  o.a.c.c.C.[Tomcat].[localhost].[/] - Initializing Spring embedded WebApplicationContext
2025-05-04 15:38:57 [restartedMain] INFO  o.s.b.w.s.c.ServletWebServerApplicationContext - Root WebApplicationContext: initialization completed in 5614 ms
2025-05-04 15:38:57 [restartedMain] DEBUG c.d.t.s.JwtAuthenticationFilter - Filter 'jwtAuthenticationFilter' configured for use
2025-05-04 15:38:58 [restartedMain] WARN  o.s.b.a.o.j.JpaBaseConfiguration$JpaWebConfiguration - spring.jpa.open-in-view is enabled by default. Therefore, database queries may be performed during view rendering. Explicitly configure spring.jpa.open-in-view to disable this warning
2025-05-04 15:38:58 [restartedMain] INFO  o.h.jpa.internal.util.LogHelper - HHH000204: Processing PersistenceUnitInfo [name: default]
2025-05-04 15:38:58 [restartedMain] INFO  org.hibernate.Version - HHH000412: Hibernate ORM core version 6.6.13.Final
2025-05-04 15:38:58 [restartedMain] INFO  o.h.c.i.RegionFactoryInitiator - HHH000026: Second-level cache disabled
2025-05-04 15:39:00 [restartedMain] INFO  o.s.o.j.p.SpringPersistenceUnitInfo - No LoadTimeWeaver setup: ignoring JPA class transformer
2025-05-04 15:39:00 [restartedMain] INFO  com.zaxxer.hikari.HikariDataSource - HikariPool-1 - Starting...
2025-05-04 15:39:01 [restartedMain] INFO  com.zaxxer.hikari.pool.HikariPool - HikariPool-1 - Added connection org.postgresql.jdbc.PgConnection@748dcac8
2025-05-04 15:39:01 [restartedMain] INFO  com.zaxxer.hikari.HikariDataSource - HikariPool-1 - Start completed.
2025-05-04 15:39:01 [restartedMain] WARN  org.hibernate.orm.deprecation - HHH90000025: PostgreSQLDialect does not need to be specified explicitly using 'hibernate.dialect' (remove the property setting and it will be selected by default)
2025-05-04 15:39:01 [restartedMain] INFO  o.hibernate.orm.connections.pooling - HHH10001005: Database info:
	Database JDBC URL [Connecting through datasource 'HikariDataSource (HikariPool-1)']
	Database driver: undefined/unknown
	Database version: 16.8
	Autocommit mode: undefined/unknown
	Isolation level: undefined/unknown
	Minimum pool size: undefined/unknown
	Maximum pool size: undefined/unknown
2025-05-04 15:39:04 [restartedMain] INFO  o.h.e.t.j.p.i.JtaPlatformInitiator - HHH000489: No JTA platform available (set 'hibernate.transaction.jta.platform' to enable JTA platform integration)
2025-05-04 15:39:04 [restartedMain] INFO  o.s.o.j.LocalContainerEntityManagerFactoryBean - Initialized JPA EntityManagerFactory for persistence unit 'default'
2025-05-04 15:39:04 [restartedMain] WARN  o.s.b.d.a.OptionalLiveReloadServer - Unable to start LiveReload server
2025-05-04 15:39:05 [restartedMain] WARN  o.s.b.a.s.s.UserDetailsServiceAutoConfiguration - 

Using generated security password: 065990b5-c02b-4db4-b082-b06e67c75254

This generated password is for development use only. Your security configuration must be updated before running your application in production.

2025-05-04 15:39:05 [restartedMain] INFO  o.s.s.c.a.a.c.InitializeUserDetailsBeanManagerConfigurer$InitializeUserDetailsManagerConfigurer - Global AuthenticationManager configured with UserDetailsService bean with name inMemoryUserDetailsManager
2025-05-04 15:39:09 [restartedMain] INFO  o.s.b.w.e.tomcat.TomcatWebServer - Tomcat started on port 8082 (http) with context path '/'
2025-05-04 15:39:09 [restartedMain] INFO  c.d.t.TaskServiceApplication - Started TaskServiceApplication in 19.739 seconds (process running for 22.272)
2025-05-04 15:40:00 [http-nio-8082-exec-1] INFO  o.a.c.c.C.[Tomcat].[localhost].[/] - Initializing Spring DispatcherServlet 'dispatcherServlet'
2025-05-04 15:40:00 [http-nio-8082-exec-1] INFO  o.s.web.servlet.DispatcherServlet - Initializing Servlet 'dispatcherServlet'
2025-05-04 15:40:00 [http-nio-8082-exec-1] INFO  o.s.web.servlet.DispatcherServlet - Completed initialization in 4 ms
2025-05-04 15:40:00 [http-nio-8082-exec-1] DEBUG c.d.t.s.JwtAuthenticationFilter - authHeader has been retrieved as Bearer eyJhbGciOiJIUzI1NiJ9.eyJzdWIiOiJjb25uZWN0MmRwayIsImlhdCI6MTc0NjM2OTU3OCwiZXhwIjoxNzQ2MzcwNDc4fQ.AMN22HdutnDhwf9OUIsdTK5dGKyFQ5EYHm_u15GODNw
2025-05-04 15:40:01 [http-nio-8082-exec-1] DEBUG c.d.t.s.JwtAuthenticationFilter - Username has been extracted as connect2dpk
2025-05-04 15:40:01 [http-nio-8082-exec-1] DEBUG c.d.t.s.JwtAuthenticationFilter - The token is valid
2025-05-04 15:40:36 [http-nio-8082-exec-1] DEBUG c.d.t.controller.TaskController - Fetch user tasks for username connect2dpk
2025-05-04 15:40:58 [http-nio-8082-exec-5] DEBUG c.d.t.s.JwtAuthenticationFilter - authHeader has been retrieved as Bearer eyJhbGciOiJIUzI1NiJ9.eyJzdWIiOiJjb25uZWN0MmRwayIsImlhdCI6MTc0NjM2OTU3OCwiZXhwIjoxNzQ2MzcwNDc4fQ.AMN22HdutnDhwf9OUIsdTK5dGKyFQ5EYHm_u15GODNw
2025-05-04 15:40:58 [http-nio-8082-exec-5] DEBUG c.d.t.s.JwtAuthenticationFilter - Username has been extracted as connect2dpk
2025-05-04 15:40:58 [http-nio-8082-exec-5] DEBUG c.d.t.s.JwtAuthenticationFilter - The token is valid
2025-05-04 15:40:58 [http-nio-8082-exec-5] DEBUG c.d.t.controller.TaskController - Attempting to create a task for user connect2dpk
2025-05-04 15:40:58 [http-nio-8082-exec-5] INFO  c.d.taskservice.service.TaskService - Attempting to save task Task(id=null, title=Test Task 1, description=Test description, dueDate=2025-10-30T09:35:45, completed=false, createdByUserId=1, createdAt=null, updatedAt=null)
2025-05-04 15:40:58 [http-nio-8082-exec-5] INFO  c.d.taskservice.service.TaskService - Successfully saved task Task(id=2, title=Test Task 1, description=Test description, dueDate=2025-10-30T09:35:45, completed=false, createdByUserId=1, createdAt=2025-05-04T15:40:58.810163, updatedAt=2025-05-04T15:40:58.810163)
2025-05-04 15:41:23 [http-nio-8082-exec-2] DEBUG c.d.t.s.JwtAuthenticationFilter - authHeader has been retrieved as Bearer eyJhbGciOiJIUzI1NiJ9.eyJzdWIiOiJjb25uZWN0MmRwayIsImlhdCI6MTc0NjM2OTU3OCwiZXhwIjoxNzQ2MzcwNDc4fQ.AMN22HdutnDhwf9OUIsdTK5dGKyFQ5EYHm_u15GODNw
2025-05-04 15:41:23 [http-nio-8082-exec-2] DEBUG c.d.t.s.JwtAuthenticationFilter - Username has been extracted as connect2dpk
2025-05-04 15:41:23 [http-nio-8082-exec-2] DEBUG c.d.t.s.JwtAuthenticationFilter - The token is valid
2025-05-04 15:41:23 [http-nio-8082-exec-2] DEBUG c.d.t.controller.TaskController - Fetch user tasks for username connect2dpk
2025-05-04 15:42:09 [http-nio-8082-exec-3] DEBUG c.d.t.s.JwtAuthenticationFilter - authHeader has been retrieved as Bearer eyJhbGciOiJIUzI1NiJ9.eyJzdWIiOiJjb25uZWN0MmRwayIsImlhdCI6MTc0NjM2OTU3OCwiZXhwIjoxNzQ2MzcwNDc4fQ.AMN22HdutnDhwf9OUIsdTK5dGKyFQ5EYHm_u15GODNw
2025-05-04 15:42:09 [http-nio-8082-exec-3] DEBUG c.d.t.s.JwtAuthenticationFilter - Username has been extracted as connect2dpk
2025-05-04 15:42:09 [http-nio-8082-exec-3] DEBUG c.d.t.s.JwtAuthenticationFilter - The token is valid
2025-05-04 15:42:09 [http-nio-8082-exec-3] DEBUG c.d.t.controller.TaskController - Attempting to create a task for user connect2dpk
2025-05-04 15:42:09 [http-nio-8082-exec-3] INFO  c.d.taskservice.service.TaskService - Attempting to save task Task(id=null, title=Test Task 2, description=Test description, dueDate=2025-09-30T09:35:45, completed=false, createdByUserId=1, createdAt=null, updatedAt=null)
2025-05-04 15:42:09 [http-nio-8082-exec-3] INFO  c.d.taskservice.service.TaskService - Successfully saved task Task(id=3, title=Test Task 2, description=Test description, dueDate=2025-09-30T09:35:45, completed=false, createdByUserId=1, createdAt=2025-05-04T15:42:09.792685, updatedAt=2025-05-04T15:42:09.792685)
2025-05-04 15:42:13 [http-nio-8082-exec-6] DEBUG c.d.t.s.JwtAuthenticationFilter - authHeader has been retrieved as Bearer eyJhbGciOiJIUzI1NiJ9.eyJzdWIiOiJjb25uZWN0MmRwayIsImlhdCI6MTc0NjM2OTU3OCwiZXhwIjoxNzQ2MzcwNDc4fQ.AMN22HdutnDhwf9OUIsdTK5dGKyFQ5EYHm_u15GODNw
2025-05-04 15:42:13 [http-nio-8082-exec-6] DEBUG c.d.t.s.JwtAuthenticationFilter - Username has been extracted as connect2dpk
2025-05-04 15:42:13 [http-nio-8082-exec-6] DEBUG c.d.t.s.JwtAuthenticationFilter - The token is valid
2025-05-04 15:42:13 [http-nio-8082-exec-6] DEBUG c.d.t.controller.TaskController - Fetch user tasks for username connect2dpk
2025-05-04 15:42:51 [http-nio-8082-exec-7] DEBUG c.d.t.s.JwtAuthenticationFilter - authHeader has been retrieved as Bearer eyJhbGciOiJIUzI1NiJ9.eyJzdWIiOiJjb25uZWN0MmRwayIsImlhdCI6MTc0NjM2OTU3OCwiZXhwIjoxNzQ2MzcwNDc4fQ.AMN22HdutnDhwf9OUIsdTK5dGKyFQ5EYHm_u15GODNw
2025-05-04 15:42:51 [http-nio-8082-exec-7] DEBUG c.d.t.s.JwtAuthenticationFilter - Username has been extracted as connect2dpk
2025-05-04 15:42:51 [http-nio-8082-exec-7] DEBUG c.d.t.s.JwtAuthenticationFilter - The token is valid
2025-05-04 15:42:51 [http-nio-8082-exec-7] DEBUG c.d.t.controller.TaskController - Attempting to create a task for user connect2dpk
2025-05-04 15:42:51 [http-nio-8082-exec-7] INFO  c.d.taskservice.service.TaskService - Attempting to save task Task(id=null, title=Test Task 3, description=Test description, dueDate=2025-09-30T09:35:45, completed=false, createdByUserId=1, createdAt=null, updatedAt=null)
2025-05-04 15:42:51 [http-nio-8082-exec-7] INFO  c.d.taskservice.service.TaskService - Successfully saved task Task(id=4, title=Test Task 3, description=Test description, dueDate=2025-09-30T09:35:45, completed=false, createdByUserId=1, createdAt=2025-05-04T15:42:51.400742, updatedAt=2025-05-04T15:42:51.400742)
2025-05-04 15:46:29 [SpringApplicationShutdownHook] INFO  o.s.b.w.e.tomcat.GracefulShutdown - Commencing graceful shutdown. Waiting for active requests to complete
2025-05-04 15:46:29 [tomcat-shutdown] INFO  o.s.b.w.e.tomcat.GracefulShutdown - Graceful shutdown complete
2025-05-04 15:46:29 [SpringApplicationShutdownHook] INFO  o.s.o.j.LocalContainerEntityManagerFactoryBean - Closing JPA EntityManagerFactory for persistence unit 'default'
2025-05-04 15:46:29 [SpringApplicationShutdownHook] INFO  com.zaxxer.hikari.HikariDataSource - HikariPool-1 - Shutdown initiated...
2025-05-04 15:46:29 [SpringApplicationShutdownHook] INFO  com.zaxxer.hikari.HikariDataSource - HikariPool-1 - Shutdown completed.
2025-05-04 15:49:10 [restartedMain] INFO  c.d.t.TaskServiceApplication - Starting TaskServiceApplication using Java 21.0.1 with PID 35876 (C:\Users\Deepak.Kumar\my_repo\github\deeptechhub\task-service\target\classes started by Deepak.Kumar in C:\Users\Deepak.Kumar\my_repo\github\deeptechhub\task-service)
2025-05-04 15:49:10 [restartedMain] DEBUG c.d.t.TaskServiceApplication - Running with Spring Boot v3.4.5, Spring v6.2.6
2025-05-04 15:49:10 [restartedMain] INFO  c.d.t.TaskServiceApplication - The following 1 profile is active: "local"
2025-05-04 15:49:10 [restartedMain] INFO  o.s.b.d.e.DevToolsPropertyDefaultsPostProcessor - Devtools property defaults active! Set 'spring.devtools.add-properties' to 'false' to disable
2025-05-04 15:49:10 [restartedMain] INFO  o.s.b.d.e.DevToolsPropertyDefaultsPostProcessor - For additional web related logging consider setting the 'logging.level.web' property to 'DEBUG'
2025-05-04 15:49:12 [restartedMain] INFO  o.s.d.r.c.RepositoryConfigurationDelegate - Bootstrapping Spring Data JPA repositories in DEFAULT mode.
2025-05-04 15:49:12 [restartedMain] INFO  o.s.d.r.c.RepositoryConfigurationDelegate - Finished Spring Data repository scanning in 157 ms. Found 1 JPA repository interface.
2025-05-04 15:49:13 [restartedMain] INFO  o.s.cloud.context.scope.GenericScope - BeanFactory id=2bb26454-2471-33ac-ba27-1651551104c3
2025-05-04 15:49:14 [restartedMain] INFO  o.s.b.w.e.tomcat.TomcatWebServer - Tomcat initialized with port 8082 (http)
2025-05-04 15:49:14 [restartedMain] INFO  o.a.catalina.core.StandardService - Starting service [Tomcat]
2025-05-04 15:49:14 [restartedMain] INFO  o.a.catalina.core.StandardEngine - Starting Servlet engine: [Apache Tomcat/10.1.40]
2025-05-04 15:49:15 [restartedMain] INFO  o.a.c.c.C.[Tomcat].[localhost].[/] - Initializing Spring embedded WebApplicationContext
2025-05-04 15:49:15 [restartedMain] INFO  o.s.b.w.s.c.ServletWebServerApplicationContext - Root WebApplicationContext: initialization completed in 4978 ms
2025-05-04 15:49:16 [restartedMain] DEBUG c.d.t.s.JwtAuthenticationFilter - Filter 'jwtAuthenticationFilter' configured for use
2025-05-04 15:49:16 [restartedMain] WARN  o.s.b.a.o.j.JpaBaseConfiguration$JpaWebConfiguration - spring.jpa.open-in-view is enabled by default. Therefore, database queries may be performed during view rendering. Explicitly configure spring.jpa.open-in-view to disable this warning
2025-05-04 15:49:17 [restartedMain] INFO  o.h.jpa.internal.util.LogHelper - HHH000204: Processing PersistenceUnitInfo [name: default]
2025-05-04 15:49:17 [restartedMain] INFO  org.hibernate.Version - HHH000412: Hibernate ORM core version 6.6.13.Final
2025-05-04 15:49:17 [restartedMain] INFO  o.h.c.i.RegionFactoryInitiator - HHH000026: Second-level cache disabled
2025-05-04 15:49:18 [restartedMain] INFO  o.s.o.j.p.SpringPersistenceUnitInfo - No LoadTimeWeaver setup: ignoring JPA class transformer
2025-05-04 15:49:18 [restartedMain] INFO  com.zaxxer.hikari.HikariDataSource - HikariPool-1 - Starting...
2025-05-04 15:49:18 [restartedMain] INFO  com.zaxxer.hikari.pool.HikariPool - HikariPool-1 - Added connection org.postgresql.jdbc.PgConnection@30f68bf8
2025-05-04 15:49:18 [restartedMain] INFO  com.zaxxer.hikari.HikariDataSource - HikariPool-1 - Start completed.
2025-05-04 15:49:18 [restartedMain] WARN  org.hibernate.orm.deprecation - HHH90000025: PostgreSQLDialect does not need to be specified explicitly using 'hibernate.dialect' (remove the property setting and it will be selected by default)
2025-05-04 15:49:18 [restartedMain] INFO  o.hibernate.orm.connections.pooling - HHH10001005: Database info:
	Database JDBC URL [Connecting through datasource 'HikariDataSource (HikariPool-1)']
	Database driver: undefined/unknown
	Database version: 16.8
	Autocommit mode: undefined/unknown
	Isolation level: undefined/unknown
	Minimum pool size: undefined/unknown
	Maximum pool size: undefined/unknown
2025-05-04 15:49:20 [restartedMain] INFO  o.h.e.t.j.p.i.JtaPlatformInitiator - HHH000489: No JTA platform available (set 'hibernate.transaction.jta.platform' to enable JTA platform integration)
2025-05-04 15:49:20 [restartedMain] INFO  o.s.o.j.LocalContainerEntityManagerFactoryBean - Initialized JPA EntityManagerFactory for persistence unit 'default'
2025-05-04 15:49:20 [restartedMain] WARN  o.s.b.d.a.OptionalLiveReloadServer - Unable to start LiveReload server
2025-05-04 15:49:21 [restartedMain] WARN  o.s.b.a.s.s.UserDetailsServiceAutoConfiguration - 

Using generated security password: ef4f14e6-d8dd-4312-82dc-92eadb434477

This generated password is for development use only. Your security configuration must be updated before running your application in production.

2025-05-04 15:49:21 [restartedMain] INFO  o.s.s.c.a.a.c.InitializeUserDetailsBeanManagerConfigurer$InitializeUserDetailsManagerConfigurer - Global AuthenticationManager configured with UserDetailsService bean with name inMemoryUserDetailsManager
2025-05-04 15:49:23 [restartedMain] INFO  o.s.b.w.e.tomcat.TomcatWebServer - Tomcat started on port 8082 (http) with context path '/'
2025-05-04 15:49:24 [restartedMain] INFO  c.d.t.TaskServiceApplication - Started TaskServiceApplication in 14.91 seconds (process running for 16.391)
2025-05-04 15:49:28 [http-nio-8082-exec-2] INFO  o.a.c.c.C.[Tomcat].[localhost].[/] - Initializing Spring DispatcherServlet 'dispatcherServlet'
2025-05-04 15:49:28 [http-nio-8082-exec-2] INFO  o.s.web.servlet.DispatcherServlet - Initializing Servlet 'dispatcherServlet'
2025-05-04 15:49:28 [http-nio-8082-exec-2] INFO  o.s.web.servlet.DispatcherServlet - Completed initialization in 2 ms
2025-05-04 15:49:28 [http-nio-8082-exec-2] DEBUG c.d.t.s.JwtAuthenticationFilter - authHeader has been retrieved as Bearer eyJhbGciOiJIUzI1NiJ9.eyJzdWIiOiJjb25uZWN0MmRwayIsImlhdCI6MTc0NjM2OTU3OCwiZXhwIjoxNzQ2MzcwNDc4fQ.AMN22HdutnDhwf9OUIsdTK5dGKyFQ5EYHm_u15GODNw
2025-05-04 15:49:28 [http-nio-8082-exec-2] DEBUG c.d.t.s.JwtAuthenticationFilter - Username has been extracted as connect2dpk
2025-05-04 15:49:28 [http-nio-8082-exec-2] DEBUG c.d.t.s.JwtAuthenticationFilter - The token is valid
2025-05-04 15:49:28 [http-nio-8082-exec-2] DEBUG c.d.t.controller.TaskController - Fetch user tasks for username connect2dpk
2025-05-04 15:50:39 [http-nio-8082-exec-5] DEBUG c.d.t.s.JwtAuthenticationFilter - authHeader has been retrieved as Bearer eyJhbGciOiJIUzI1NiJ9.eyJzdWIiOiJjb25uZWN0MmRwayIsImlhdCI6MTc0NjM2OTU3OCwiZXhwIjoxNzQ2MzcwNDc4fQ.AMN22HdutnDhwf9OUIsdTK5dGKyFQ5EYHm_u15GODNw
2025-05-04 15:50:39 [http-nio-8082-exec-5] DEBUG c.d.t.s.JwtAuthenticationFilter - Username has been extracted as connect2dpk
2025-05-04 15:50:39 [http-nio-8082-exec-5] DEBUG c.d.t.s.JwtAuthenticationFilter - The token is valid
2025-05-04 15:50:39 [http-nio-8082-exec-5] DEBUG c.d.t.controller.TaskController - Attempting to update task with id 3
2025-05-04 15:50:39 [http-nio-8082-exec-5] DEBUG c.d.t.controller.TaskController - Successfully updated a task with id 3
2025-05-04 15:50:51 [http-nio-8082-exec-7] DEBUG c.d.t.s.JwtAuthenticationFilter - authHeader has been retrieved as Bearer eyJhbGciOiJIUzI1NiJ9.eyJzdWIiOiJjb25uZWN0MmRwayIsImlhdCI6MTc0NjM2OTU3OCwiZXhwIjoxNzQ2MzcwNDc4fQ.AMN22HdutnDhwf9OUIsdTK5dGKyFQ5EYHm_u15GODNw
2025-05-04 15:50:51 [http-nio-8082-exec-7] DEBUG c.d.t.s.JwtAuthenticationFilter - Username has been extracted as connect2dpk
2025-05-04 15:50:51 [http-nio-8082-exec-7] DEBUG c.d.t.s.JwtAuthenticationFilter - The token is valid
2025-05-04 15:50:51 [http-nio-8082-exec-7] DEBUG c.d.t.controller.TaskController - Fetch user tasks for username connect2dpk
2025-05-04 15:52:06 [http-nio-8082-exec-10] DEBUG c.d.t.s.JwtAuthenticationFilter - authHeader has been retrieved as Bearer eyJhbGciOiJIUzI1NiJ9.eyJzdWIiOiJjb25uZWN0MmRwayIsImlhdCI6MTc0NjM2OTU3OCwiZXhwIjoxNzQ2MzcwNDc4fQ.AMN22HdutnDhwf9OUIsdTK5dGKyFQ5EYHm_u15GODNw
2025-05-04 15:52:06 [http-nio-8082-exec-10] DEBUG c.d.t.s.JwtAuthenticationFilter - Username has been extracted as connect2dpk
2025-05-04 15:52:06 [http-nio-8082-exec-10] DEBUG c.d.t.s.JwtAuthenticationFilter - The token is valid
2025-05-04 15:52:06 [http-nio-8082-exec-10] WARN  o.s.w.s.m.s.DefaultHandlerExceptionResolver - Resolved [org.springframework.http.converter.HttpMessageNotReadableException: Required request body is missing: public org.springframework.http.ResponseEntity<com.deeptechhub.taskservice.dto.TaskResponse> com.deeptechhub.taskservice.controller.TaskController.updateTask(com.deeptechhub.taskservice.dto.TaskRequest,java.lang.Long)]
2025-05-04 15:53:04 [http-nio-8082-exec-9] DEBUG c.d.t.s.JwtAuthenticationFilter - authHeader has been retrieved as Bearer eyJhbGciOiJIUzI1NiJ9.eyJzdWIiOiJjb25uZWN0MmRwayIsImlhdCI6MTc0NjM2OTU3OCwiZXhwIjoxNzQ2MzcwNDc4fQ.AMN22HdutnDhwf9OUIsdTK5dGKyFQ5EYHm_u15GODNw
2025-05-04 15:53:04 [http-nio-8082-exec-9] DEBUG c.d.t.s.JwtAuthenticationFilter - Username has been extracted as connect2dpk
2025-05-04 15:53:05 [http-nio-8082-exec-9] DEBUG c.d.t.s.JwtAuthenticationFilter - The token is valid
2025-05-04 15:53:10 [http-nio-8082-exec-9] DEBUG c.d.t.controller.TaskController - Fetching task with id 3
2025-05-04 15:54:02 [http-nio-8082-exec-1] DEBUG c.d.t.s.JwtAuthenticationFilter - authHeader has been retrieved as Bearer eyJhbGciOiJIUzI1NiJ9.eyJzdWIiOiJjb25uZWN0MmRwayIsImlhdCI6MTc0NjM2OTU3OCwiZXhwIjoxNzQ2MzcwNDc4fQ.AMN22HdutnDhwf9OUIsdTK5dGKyFQ5EYHm_u15GODNw
2025-05-04 15:54:02 [http-nio-8082-exec-1] DEBUG c.d.t.s.JwtAuthenticationFilter - Username has been extracted as connect2dpk
2025-05-04 15:54:02 [http-nio-8082-exec-1] DEBUG c.d.t.s.JwtAuthenticationFilter - The token is valid
2025-05-04 15:54:02 [http-nio-8082-exec-1] DEBUG c.d.t.controller.TaskController - Attempting to delete task with id 3
2025-05-04 15:54:02 [http-nio-8082-exec-1] DEBUG c.d.t.controller.TaskController - Successfully deleted task with id 3
2025-05-04 15:54:11 [http-nio-8082-exec-2] DEBUG c.d.t.s.JwtAuthenticationFilter - authHeader has been retrieved as Bearer eyJhbGciOiJIUzI1NiJ9.eyJzdWIiOiJjb25uZWN0MmRwayIsImlhdCI6MTc0NjM2OTU3OCwiZXhwIjoxNzQ2MzcwNDc4fQ.AMN22HdutnDhwf9OUIsdTK5dGKyFQ5EYHm_u15GODNw
2025-05-04 15:54:11 [http-nio-8082-exec-2] DEBUG c.d.t.s.JwtAuthenticationFilter - Username has been extracted as connect2dpk
2025-05-04 15:54:11 [http-nio-8082-exec-2] DEBUG c.d.t.s.JwtAuthenticationFilter - The token is valid
2025-05-04 15:54:11 [http-nio-8082-exec-2] DEBUG c.d.t.controller.TaskController - Fetch user tasks for username connect2dpk
2025-05-04 15:54:29 [SpringApplicationShutdownHook] INFO  o.s.b.w.e.tomcat.GracefulShutdown - Commencing graceful shutdown. Waiting for active requests to complete
2025-05-04 15:54:29 [tomcat-shutdown] INFO  o.s.b.w.e.tomcat.GracefulShutdown - Graceful shutdown complete
2025-05-04 15:54:29 [SpringApplicationShutdownHook] INFO  o.s.o.j.LocalContainerEntityManagerFactoryBean - Closing JPA EntityManagerFactory for persistence unit 'default'
2025-05-04 15:54:29 [SpringApplicationShutdownHook] INFO  com.zaxxer.hikari.HikariDataSource - HikariPool-1 - Shutdown initiated...
2025-05-04 15:54:29 [SpringApplicationShutdownHook] INFO  com.zaxxer.hikari.HikariDataSource - HikariPool-1 - Shutdown completed.
